2018-07-26 15:05:05,413 [Worker-0] INFO  o.e.m.c.i.e.AbstractTransferListenerAdapter - Downloaded https://artifactory.cathaypacific.com:443/artifactory/plugins-release/org/apache/maven/plugins/maven-compiler-plugin/3.2/maven-compiler-plugin-3.2.jar
2018-07-26 15:05:09,742 [Worker-0] INFO  o.e.m.c.i.e.AbstractTransferListenerAdapter - Downloading https://artifactory.cathaypacific.com:443/artifactory/plugins-snapshot/org/apache/maven/plugins/maven-compiler-plugin/3.2/maven-compiler-plugin-3.2.jar
2018-07-26 15:05:09,908 [Worker-0] INFO  o.e.m.c.i.e.AbstractTransferListenerAdapter - Downloaded https://artifactory.cathaypacific.com:443/artifactory/plugins-snapshot/org/apache/maven/plugins/maven-compiler-plugin/3.2/maven-compiler-plugin-3.2.jar
2018-07-26 15:05:13,252 [Worker-0] INFO  o.e.m.c.i.e.AbstractTransferListenerAdapter - Downloading https://artifactory.cathaypacific.com:443/artifactory/plugins-release/org/apache/maven/plugins/maven-compiler-plugin/3.2/maven-compiler-plugin-3.2.pom
2018-07-26 15:05:14,112 [Worker-0] INFO  o.e.m.c.i.e.AbstractTransferListenerAdapter - Downloaded https://artifactory.cathaypacific.com:443/artifactory/plugins-release/org/apache/maven/plugins/maven-compiler-plugin/3.2/maven-compiler-plugin-3.2.pom
2018-07-26 15:05:17,816 [Worker-0] INFO  o.e.m.c.i.e.AbstractTransferListenerAdapter - Downloading https://artifactory.cathaypacific.com:443/artifactory/plugins-release/org/codehaus/plexus/plexus-compiler-api/2.4/plexus-compiler-api-2.4.pom
2018-07-26 15:05:17,991 [Worker-0] INFO  o.e.m.c.i.e.AbstractTransferListenerAdapter - Downloaded https://artifactory.cathaypacific.com:443/artifactory/plugins-release/org/codehaus/plexus/plexus-compiler-api/2.4/plexus-compiler-api-2.4.pom
2018-07-26 15:05:19,901 [Worker-0] INFO  o.e.m.c.i.e.AbstractTransferListenerAdapter - Downloading https://artifactory.cathaypacific.com:443/artifactory/plugins-release/org/codehaus/plexus/plexus-compiler/2.4/plexus-compiler-2.4.pom
2018-07-26 15:05:20,088 [Worker-0] INFO  o.e.m.c.i.e.AbstractTransferListenerAdapter - Downloaded https://artifactory.cathaypacific.com:443/artifactory/plugins-release/org/codehaus/plexus/plexus-compiler/2.4/plexus-compiler-2.4.pom
2018-07-26 15:05:21,858 [Worker-0] INFO  o.e.m.c.i.e.AbstractTransferListenerAdapter - Downloading https://artifactory.cathaypacific.com:443/artifactory/plugins-release/org/codehaus/plexus/plexus-compiler-manager/2.4/plexus-compiler-manager-2.4.pom
2018-07-26 15:05:22,036 [Worker-0] INFO  o.e.m.c.i.e.AbstractTransferListenerAdapter - Downloaded https://artifactory.cathaypacific.com:443/artifactory/plugins-release/org/codehaus/plexus/plexus-compiler-manager/2.4/plexus-compiler-manager-2.4.pom
2018-07-26 15:05:23,905 [Worker-0] INFO  o.e.m.c.i.e.AbstractTransferListenerAdapter - Downloading https://artifactory.cathaypacific.com:443/artifactory/plugins-release/org/codehaus/plexus/plexus-compiler-javac/2.4/plexus-compiler-javac-2.4.pom
2018-07-26 15:05:24,085 [Worker-0] INFO  o.e.m.c.i.e.AbstractTransferListenerAdapter - Downloaded https://artifactory.cathaypacific.com:443/artifactory/plugins-release/org/codehaus/plexus/plexus-compiler-javac/2.4/plexus-compiler-javac-2.4.pom
2018-07-26 15:05:25,509 [Worker-0] INFO  o.e.m.c.i.e.AbstractTransferListenerAdapter - Downloading https://artifactory.cathaypacific.com:443/artifactory/plugins-release/org/codehaus/plexus/plexus-compilers/2.4/plexus-compilers-2.4.pom
2018-07-26 15:05:25,721 [Worker-0] INFO  o.e.m.c.i.e.AbstractTransferListenerAdapter - Downloaded https://artifactory.cathaypacific.com:443/artifactory/plugins-release/org/codehaus/plexus/plexus-compilers/2.4/plexus-compilers-2.4.pom
2018-07-26 15:05:27,745 [Worker-0] INFO  o.e.m.c.i.e.AbstractTransferListenerAdapter - Downloading https://artifactory.cathaypacific.com:443/artifactory/plugins-release/org/codehaus/plexus/plexus-compiler-api/2.4/plexus-compiler-api-2.4.jar
2018-07-26 15:05:27,910 [Worker-0] INFO  o.e.m.c.i.e.AbstractTransferListenerAdapter - Downloaded https://artifactory.cathaypacific.com:443/artifactory/plugins-release/org/codehaus/plexus/plexus-compiler-api/2.4/plexus-compiler-api-2.4.jar
2018-07-26 15:05:27,974 [Worker-0] INFO  o.e.m.c.i.e.AbstractTransferListenerAdapter - Downloading https://artifactory.cathaypacific.com:443/artifactory/plugins-release/org/codehaus/plexus/plexus-compiler-manager/2.4/plexus-compiler-manager-2.4.jar
2018-07-26 15:05:28,115 [Worker-0] INFO  o.e.m.c.i.e.AbstractTransferListenerAdapter - Downloaded https://artifactory.cathaypacific.com:443/artifactory/plugins-release/org/codehaus/plexus/plexus-compiler-manager/2.4/plexus-compiler-manager-2.4.jar
2018-07-26 15:05:28,235 [Worker-0] INFO  o.e.m.c.i.e.AbstractTransferListenerAdapter - Downloading https://artifactory.cathaypacific.com:443/artifactory/plugins-release/org/codehaus/plexus/plexus-compiler-javac/2.4/plexus-compiler-javac-2.4.jar
2018-07-26 15:05:28,394 [Worker-0] INFO  o.e.m.c.i.e.AbstractTransferListenerAdapter - Downloaded https://artifactory.cathaypacific.com:443/artifactory/plugins-release/org/codehaus/plexus/plexus-compiler-javac/2.4/plexus-compiler-javac-2.4.jar
2018-07-26 15:05:28,807 [Worker-9] INFO  o.e.m.c.i.l.LifecycleMappingFactory - Using org.eclipse.m2e.jdt.JarLifecycleMapping lifecycle mapping for MavenProject: com.itdragon.mybatis:mybatis-basic:0.0.1-SNAPSHOT @ C:\Workspace\gitPart\daydayup\mybatis\mybatis-basic\pom.xml.
2018-07-26 15:05:28,821 [Worker-0] INFO  o.e.m.c.i.l.LifecycleMappingFactory - Using org.maven.ide.eclipse.wtp.WarLifecycleMapping lifecycle mapping for MavenProject: com.itdragon.redis:ssm-redis:0.0.1-SNAPSHOT @ C:\Workspace\gitPart\daydayup\Redis\ssm-redis\pom.xml.
2018-07-26 15:05:30,288 [Worker-0] INFO  o.e.m.c.i.e.AbstractTransferListenerAdapter - Downloading https://artifactory.cathaypacific.com:443/artifactory/libs-release/org/apache/commons/commons-io/1.3.2/commons-io-1.3.2.pom
2018-07-26 15:05:30,476 [Worker-0] INFO  o.e.m.c.i.e.AbstractTransferListenerAdapter - Downloaded https://artifactory.cathaypacific.com:443/artifactory/libs-release/org/apache/commons/commons-io/1.3.2/commons-io-1.3.2.pom
2018-07-26 15:05:31,803 [Worker-0] INFO  o.e.m.c.i.e.AbstractTransferListenerAdapter - Downloading https://artifactory.cathaypacific.com:443/artifactory/libs-release/org/apache/commons/commons-parent/3/commons-parent-3.pom
2018-07-26 15:05:31,992 [Worker-0] INFO  o.e.m.c.i.e.AbstractTransferListenerAdapter - Downloaded https://artifactory.cathaypacific.com:443/artifactory/libs-release/org/apache/commons/commons-parent/3/commons-parent-3.pom
2018-07-26 15:05:33,308 [Worker-0] INFO  o.e.m.c.i.e.AbstractTransferListenerAdapter - Downloading https://artifactory.cathaypacific.com:443/artifactory/libs-release/commons-net/commons-net/3.3/commons-net-3.3.pom
2018-07-26 15:05:33,479 [Worker-0] INFO  o.e.m.c.i.e.AbstractTransferListenerAdapter - Downloaded https://artifactory.cathaypacific.com:443/artifactory/libs-release/commons-net/commons-net/3.3/commons-net-3.3.pom
2018-07-26 15:05:36,463 [Worker-0] INFO  o.e.m.c.i.e.AbstractTransferListenerAdapter - Downloaded https://artifactory.cathaypacific.com:443/artifactory/libs-release/org/apache/commons/commons-parent/30/commons-parent-30.pom
2018-07-26 15:05:38,288 [Worker-0] INFO  o.e.m.c.i.e.AbstractTransferListenerAdapter - Downloading https://artifactory.cathaypacific.com:443/artifactory/libs-snapshot/org/apache/commons/commons-parent/30/commons-parent-30.pom
2018-07-26 15:05:38,509 [Worker-0] INFO  o.e.m.c.i.e.AbstractTransferListenerAdapter - Downloaded https://artifactory.cathaypacific.com:443/artifactory/libs-snapshot/org/apache/commons/commons-parent/30/commons-parent-30.pom
2018-07-26 15:05:40,598 [Worker-9] INFO  o.e.m.c.i.e.AbstractTransferListenerAdapter - Downloading https://artifactory.cathaypacific.com:443/artifactory/libs-release/org/slf4j/slf4j-log4j12/1.6.4/slf4j-log4j12-1.6.4.pom
2018-07-26 15:05:40,768 [Worker-9] INFO  o.e.m.c.i.e.AbstractTransferListenerAdapter - Downloaded https://artifactory.cathaypacific.com:443/artifactory/libs-release/org/slf4j/slf4j-log4j12/1.6.4/slf4j-log4j12-1.6.4.pom
2018-07-26 15:05:41,428 [Worker-0] INFO  o.e.m.c.i.e.AbstractTransferListenerAdapter - Downloading https://artifactory.cathaypacific.com:443/artifactory/libs-release/com/fasterxml/jackson/core/jackson-databind/2.4.2/jackson-databind-2.4.2.pom
2018-07-26 15:05:41,626 [Worker-0] INFO  o.e.m.c.i.e.AbstractTransferListenerAdapter - Downloaded https://artifactory.cathaypacific.com:443/artifactory/libs-release/com/fasterxml/jackson/core/jackson-databind/2.4.2/jackson-databind-2.4.2.pom
2018-07-26 15:05:42,727 [Worker-9] INFO  o.e.m.c.i.e.AbstractTransferListenerAdapter - Downloading https://artifactory.cathaypacific.com:443/artifactory/libs-release/org/slf4j/slf4j-api/1.6.4/slf4j-api-1.6.4.pom
2018-07-26 15:05:42,897 [Worker-9] INFO  o.e.m.c.i.e.AbstractTransferListenerAdapter - Downloaded https://artifactory.cathaypacific.com:443/artifactory/libs-release/org/slf4j/slf4j-api/1.6.4/slf4j-api-1.6.4.pom
2018-07-26 15:05:43,337 [Worker-0] INFO  o.e.m.c.i.e.AbstractTransferListenerAdapter - Downloading https://artifactory.cathaypacific.com:443/artifactory/libs-release/com/fasterxml/jackson/jackson-parent/2.4/jackson-parent-2.4.pom
2018-07-26 15:05:43,522 [Worker-0] INFO  o.e.m.c.i.e.AbstractTransferListenerAdapter - Downloaded https://artifactory.cathaypacific.com:443/artifactory/libs-release/com/fasterxml/jackson/jackson-parent/2.4/jackson-parent-2.4.pom
2018-07-26 15:05:44,800 [Worker-9] INFO  o.e.m.c.i.e.AbstractTransferListenerAdapter - Downloading https://artifactory.cathaypacific.com:443/artifactory/libs-release/org/mybatis/mybatis/3.2.8/mybatis-3.2.8.pom
2018-07-26 15:05:45,226 [Worker-9] INFO  o.e.m.c.i.e.AbstractTransferListenerAdapter - Downloaded https://artifactory.cathaypacific.com:443/artifactory/libs-release/org/mybatis/mybatis/3.2.8/mybatis-3.2.8.pom
2018-07-26 15:05:45,669 [Worker-0] INFO  o.e.m.c.i.e.AbstractTransferListenerAdapter - Downloading https://artifactory.cathaypacific.com:443/artifactory/libs-release/com/fasterxml/oss-parent/16/oss-parent-16.pom
2018-07-26 15:05:45,942 [Worker-0] INFO  o.e.m.c.i.e.AbstractTransferListenerAdapter - Downloaded https://artifactory.cathaypacific.com:443/artifactory/libs-release/com/fasterxml/oss-parent/16/oss-parent-16.pom
2018-07-26 15:05:47,568 [Worker-9] INFO  o.e.m.c.i.e.AbstractTransferListenerAdapter - Downloading https://artifactory.cathaypacific.com:443/artifactory/libs-release/org/mybatis/mybatis-parent/21/mybatis-parent-21.pom
2018-07-26 15:05:47,887 [Worker-9] INFO  o.e.m.c.i.e.AbstractTransferListenerAdapter - Downloaded https://artifactory.cathaypacific.com:443/artifactory/libs-release/org/mybatis/mybatis-parent/21/mybatis-parent-21.pom
2018-07-26 15:05:48,313 [Worker-0] INFO  o.e.m.c.i.e.AbstractTransferListenerAdapter - Downloading https://artifactory.cathaypacific.com:443/artifactory/libs-release/com/fasterxml/jackson/core/jackson-annotations/2.4.0/jackson-annotations-2.4.0.pom
2018-07-26 15:05:48,636 [Worker-0] INFO  o.e.m.c.i.e.AbstractTransferListenerAdapter - Downloaded https://artifactory.cathaypacific.com:443/artifactory/libs-release/com/fasterxml/jackson/core/jackson-annotations/2.4.0/jackson-annotations-2.4.0.pom
2018-07-26 15:05:49,626 [Worker-9] INFO  o.e.m.c.i.e.AbstractTransferListenerAdapter - Downloading https://artifactory.cathaypacific.com:443/artifactory/libs-release/org/mybatis/mybatis-spring/1.2.2/mybatis-spring-1.2.2.pom
2018-07-26 15:05:49,809 [Worker-9] INFO  o.e.m.c.i.e.AbstractTransferListenerAdapter - Downloaded https://artifactory.cathaypacific.com:443/artifactory/libs-release/org/mybatis/mybatis-spring/1.2.2/mybatis-spring-1.2.2.pom
2018-07-26 15:05:50,057 [Worker-0] INFO  o.e.m.c.i.e.AbstractTransferListenerAdapter - Downloading https://artifactory.cathaypacific.com:443/artifactory/libs-release/com/fasterxml/jackson/core/jackson-core/2.4.2/jackson-core-2.4.2.pom
2018-07-26 15:05:51,105 [Worker-0] INFO  o.e.m.c.i.e.AbstractTransferListenerAdapter - Downloaded https://artifactory.cathaypacific.com:443/artifactory/libs-release/com/fasterxml/jackson/core/jackson-core/2.4.2/jackson-core-2.4.2.pom
2018-07-26 15:05:51,769 [Worker-9] INFO  o.e.m.c.i.e.AbstractTransferListenerAdapter - Downloading https://artifactory.cathaypacific.com:443/artifactory/libs-release/org/mybatis/mybatis-parent/20/mybatis-parent-20.pom
2018-07-26 15:05:51,996 [Worker-9] INFO  o.e.m.c.i.e.AbstractTransferListenerAdapter - Downloaded https://artifactory.cathaypacific.com:443/artifactory/libs-release/org/mybatis/mybatis-parent/20/mybatis-parent-20.pom
2018-07-26 15:05:52,594 [Worker-0] INFO  o.e.m.c.i.e.AbstractTransferListenerAdapter - Downloading https://artifactory.cathaypacific.com:443/artifactory/libs-release/org/apache/httpcomponents/httpclient/4.3.5/httpclient-4.3.5.pom
2018-07-26 15:05:52,775 [Worker-0] INFO  o.e.m.c.i.e.AbstractTransferListenerAdapter - Downloaded https://artifactory.cathaypacific.com:443/artifactory/libs-release/org/apache/httpcomponents/httpclient/4.3.5/httpclient-4.3.5.pom
2018-07-26 15:05:53,334 [Worker-9] INFO  o.e.m.c.i.e.AbstractTransferListenerAdapter - Downloading https://artifactory.cathaypacific.com:443/artifactory/libs-release/com/github/miemiedev/mybatis-paginator/1.2.15/mybatis-paginator-1.2.15.pom
2018-07-26 15:05:53,526 [Worker-9] INFO  o.e.m.c.i.e.AbstractTransferListenerAdapter - Downloaded https://artifactory.cathaypacific.com:443/artifactory/libs-release/com/github/miemiedev/mybatis-paginator/1.2.15/mybatis-paginator-1.2.15.pom
2018-07-26 15:05:54,317 [Worker-0] INFO  o.e.m.c.i.e.AbstractTransferListenerAdapter - Downloading https://artifactory.cathaypacific.com:443/artifactory/libs-release/org/apache/httpcomponents/httpcomponents-client/4.3.5/httpcomponents-client-4.3.5.pom
2018-07-26 15:05:54,482 [Worker-0] INFO  o.e.m.c.i.e.AbstractTransferListenerAdapter - Downloaded https://artifactory.cathaypacific.com:443/artifactory/libs-release/org/apache/httpcomponents/httpcomponents-client/4.3.5/httpcomponents-client-4.3.5.pom
2018-07-26 15:05:54,942 [Worker-9] INFO  o.e.m.c.i.e.AbstractTransferListenerAdapter - Downloading https://artifactory.cathaypacific.com:443/artifactory/libs-release/org/mybatis/mybatis/3.1.0/mybatis-3.1.0.pom
2018-07-26 15:05:55,085 [Worker-9] INFO  o.e.m.c.i.e.AbstractTransferListenerAdapter - Downloaded https://artifactory.cathaypacific.com:443/artifactory/libs-release/org/mybatis/mybatis/3.1.0/mybatis-3.1.0.pom
2018-07-26 15:05:56,747 [Worker-9] INFO  o.e.m.c.i.e.AbstractTransferListenerAdapter - Downloading https://artifactory.cathaypacific.com:443/artifactory/libs-release/org/mybatis/mybatis-parent/14/mybatis-parent-14.pom
2018-07-26 15:05:56,938 [Worker-9] INFO  o.e.m.c.i.e.AbstractTransferListenerAdapter - Downloaded https://artifactory.cathaypacific.com:443/artifactory/libs-release/org/mybatis/mybatis-parent/14/mybatis-parent-14.pom
2018-07-26 15:05:58,243 [Worker-9] INFO  o.e.m.c.i.e.AbstractTransferListenerAdapter - Downloading https://artifactory.cathaypacific.com:443/artifactory/libs-release/org/slf4j/slf4j-api/1.7.2/slf4j-api-1.7.2.pom
2018-07-26 15:05:58,401 [Worker-9] INFO  o.e.m.c.i.e.AbstractTransferListenerAdapter - Downloaded https://artifactory.cathaypacific.com:443/artifactory/libs-release/org/slf4j/slf4j-api/1.7.2/slf4j-api-1.7.2.pom
2018-07-26 15:05:59,425 [Worker-9] INFO  o.e.m.c.i.e.AbstractTransferListenerAdapter - Downloading https://artifactory.cathaypacific.com:443/artifactory/libs-release/org/slf4j/slf4j-parent/1.7.2/slf4j-parent-1.7.2.pom
2018-07-26 15:05:59,610 [Worker-9] INFO  o.e.m.c.i.e.AbstractTransferListenerAdapter - Downloaded https://artifactory.cathaypacific.com:443/artifactory/libs-release/org/slf4j/slf4j-parent/1.7.2/slf4j-parent-1.7.2.pom
2018-07-26 15:06:01,498 [Worker-9] INFO  o.e.m.c.i.e.AbstractTransferListenerAdapter - Downloading https://artifactory.cathaypacific.com:443/artifactory/libs-release/mysql/mysql-connector-java/5.1.6/mysql-connector-java-5.1.6.pom
2018-07-26 15:06:01,656 [Worker-9] INFO  o.e.m.c.i.e.AbstractTransferListenerAdapter - Downloaded https://artifactory.cathaypacific.com:443/artifactory/libs-release/mysql/mysql-connector-java/5.1.6/mysql-connector-java-5.1.6.pom
2018-07-26 15:06:04,551 [Worker-9] INFO  o.e.m.c.i.e.AbstractTransferListenerAdapter - Downloading https://artifactory.cathaypacific.com:443/artifactory/libs-release/com/alibaba/druid/1.0.9/druid-1.0.9.pom
2018-07-26 15:06:04,721 [Worker-9] INFO  o.e.m.c.i.e.AbstractTransferListenerAdapter - Downloaded https://artifactory.cathaypacific.com:443/artifactory/libs-release/com/alibaba/druid/1.0.9/druid-1.0.9.pom
2018-07-26 15:06:06,931 [Worker-0] INFO  o.e.m.c.i.e.AbstractTransferListenerAdapter - Downloading https://artifactory.cathaypacific.com:443/artifactory/libs-release/org/springframework/spring-webmvc/4.1.3.RELEASE/spring-webmvc-4.1.3.RELEASE.pom
2018-07-26 15:06:07,102 [Worker-0] INFO  o.e.m.c.i.e.AbstractTransferListenerAdapter - Downloaded https://artifactory.cathaypacific.com:443/artifactory/libs-release/org/springframework/spring-webmvc/4.1.3.RELEASE/spring-webmvc-4.1.3.RELEASE.pom
2018-07-26 15:06:07,837 [Worker-9] INFO  o.e.m.c.i.e.AbstractTransferListenerAdapter - Downloading https://artifactory.cathaypacific.com:443/artifactory/libs-release/org/apache/commons/commons-io/1.3.2/commons-io-1.3.2.jar
2018-07-26 15:06:08,173 [Worker-9] INFO  o.e.m.c.i.e.AbstractTransferListenerAdapter - Downloaded https://artifactory.cathaypacific.com:443/artifactory/libs-release/org/apache/commons/commons-io/1.3.2/commons-io-1.3.2.jar
2018-07-26 15:06:08,268 [Worker-9] INFO  o.e.m.c.i.e.AbstractTransferListenerAdapter - Downloading https://artifactory.cathaypacific.com:443/artifactory/libs-release/commons-net/commons-net/3.3/commons-net-3.3.jar
2018-07-26 15:06:08,353 [Worker-0] INFO  o.e.m.c.i.e.AbstractTransferListenerAdapter - Downloading https://artifactory.cathaypacific.com:443/artifactory/libs-release/org/springframework/spring-web/4.1.3.RELEASE/spring-web-4.1.3.RELEASE.pom
2018-07-26 15:06:08,526 [Worker-0] INFO  o.e.m.c.i.e.AbstractTransferListenerAdapter - Downloaded https://artifactory.cathaypacific.com:443/artifactory/libs-release/org/springframework/spring-web/4.1.3.RELEASE/spring-web-4.1.3.RELEASE.pom
2018-07-26 15:06:09,058 [Worker-9] INFO  o.e.m.c.i.e.AbstractTransferListenerAdapter - Downloaded https://artifactory.cathaypacific.com:443/artifactory/libs-release/commons-net/commons-net/3.3/commons-net-3.3.jar
2018-07-26 15:06:09,151 [Worker-9] INFO  o.e.m.c.i.e.AbstractTransferListenerAdapter - Downloading https://artifactory.cathaypacific.com:443/artifactory/libs-release/org/slf4j/slf4j-log4j12/1.6.4/slf4j-log4j12-1.6.4.jar
2018-07-26 15:06:09,322 [Worker-9] INFO  o.e.m.c.i.e.AbstractTransferListenerAdapter - Downloaded https://artifactory.cathaypacific.com:443/artifactory/libs-release/org/slf4j/slf4j-log4j12/1.6.4/slf4j-log4j12-1.6.4.jar
2018-07-26 15:06:09,440 [Worker-9] INFO  o.e.m.c.i.e.AbstractTransferListenerAdapter - Downloading https://artifactory.cathaypacific.com:443/artifactory/libs-release/org/slf4j/slf4j-api/1.6.4/slf4j-api-1.6.4.jar
2018-07-26 15:06:09,518 [Worker-9] INFO  o.e.m.c.i.e.AbstractTransferListenerAdapter - Downloaded https://artifactory.cathaypacific.com:443/artifactory/libs-release/org/slf4j/slf4j-api/1.6.4/slf4j-api-1.6.4.jar
2018-07-26 15:06:09,905 [Worker-0] INFO  o.e.m.c.i.e.AbstractTransferListenerAdapter - Downloading https://artifactory.cathaypacific.com:443/artifactory/libs-release/org/springframework/spring-jdbc/4.1.3.RELEASE/spring-jdbc-4.1.3.RELEASE.pom
2018-07-26 15:06:10,104 [Worker-0] INFO  o.e.m.c.i.e.AbstractTransferListenerAdapter - Downloaded https://artifactory.cathaypacific.com:443/artifactory/libs-release/org/springframework/spring-jdbc/4.1.3.RELEASE/spring-jdbc-4.1.3.RELEASE.pom
2018-07-26 15:06:10,174 [Worker-9] INFO  o.e.m.c.i.e.AbstractTransferListenerAdapter - Downloading https://artifactory.cathaypacific.com:443/artifactory/libs-release/org/mybatis/mybatis/3.2.8/mybatis-3.2.8.jar
2018-07-26 15:06:11,909 [Worker-9] INFO  o.e.m.c.i.e.AbstractTransferListenerAdapter - Downloaded https://artifactory.cathaypacific.com:443/artifactory/libs-release/org/mybatis/mybatis/3.2.8/mybatis-3.2.8.jar
2018-07-26 15:06:12,008 [Worker-9] INFO  o.e.m.c.i.e.AbstractTransferListenerAdapter - Downloading https://artifactory.cathaypacific.com:443/artifactory/libs-release/org/mybatis/mybatis-spring/1.2.2/mybatis-spring-1.2.2.jar
2018-07-26 15:06:12,083 [Worker-0] INFO  o.e.m.c.i.e.AbstractTransferListenerAdapter - Downloading https://artifactory.cathaypacific.com:443/artifactory/libs-release/org/springframework/spring-tx/4.1.3.RELEASE/spring-tx-4.1.3.RELEASE.pom
2018-07-26 15:06:12,244 [Worker-9] INFO  o.e.m.c.i.e.AbstractTransferListenerAdapter - Downloaded https://artifactory.cathaypacific.com:443/artifactory/libs-release/org/mybatis/mybatis-spring/1.2.2/mybatis-spring-1.2.2.jar
2018-07-26 15:06:12,265 [Worker-0] INFO  o.e.m.c.i.e.AbstractTransferListenerAdapter - Downloaded https://artifactory.cathaypacific.com:443/artifactory/libs-release/org/springframework/spring-tx/4.1.3.RELEASE/spring-tx-4.1.3.RELEASE.pom
2018-07-26 15:06:12,336 [Worker-9] INFO  o.e.m.c.i.e.AbstractTransferListenerAdapter - Downloading https://artifactory.cathaypacific.com:443/artifactory/libs-release/com/github/miemiedev/mybatis-paginator/1.2.15/mybatis-paginator-1.2.15.jar
2018-07-26 15:06:12,586 [Worker-9] INFO  o.e.m.c.i.e.AbstractTransferListenerAdapter - Downloaded https://artifactory.cathaypacific.com:443/artifactory/libs-release/com/github/miemiedev/mybatis-paginator/1.2.15/mybatis-paginator-1.2.15.jar
2018-07-26 15:06:12,817 [Worker-9] INFO  o.e.m.c.i.e.AbstractTransferListenerAdapter - Downloading https://artifactory.cathaypacific.com:443/artifactory/libs-release/mysql/mysql-connector-java/5.1.6/mysql-connector-java-5.1.6.jar
2018-07-26 15:06:14,305 [Worker-9] INFO  o.e.m.c.i.e.AbstractTransferListenerAdapter - Downloaded https://artifactory.cathaypacific.com:443/artifactory/libs-release/mysql/mysql-connector-java/5.1.6/mysql-connector-java-5.1.6.jar
2018-07-26 15:06:14,396 [Worker-9] INFO  o.e.m.c.i.e.AbstractTransferListenerAdapter - Downloading https://artifactory.cathaypacific.com:443/artifactory/libs-release/com/alibaba/druid/1.0.9/druid-1.0.9.jar
2018-07-26 15:06:14,510 [Worker-0] INFO  o.e.m.c.i.e.AbstractTransferListenerAdapter - Downloading https://artifactory.cathaypacific.com:443/artifactory/libs-release/org/springframework/spring-aspects/4.1.3.RELEASE/spring-aspects-4.1.3.RELEASE.pom
2018-07-26 15:06:14,889 [Worker-0] INFO  o.e.m.c.i.e.AbstractTransferListenerAdapter - Downloaded https://artifactory.cathaypacific.com:443/artifactory/libs-release/org/springframework/spring-aspects/4.1.3.RELEASE/spring-aspects-4.1.3.RELEASE.pom
2018-07-26 15:06:16,685 [Worker-0] INFO  o.e.m.c.i.e.AbstractTransferListenerAdapter - Downloaded https://artifactory.cathaypacific.com:443/artifactory/libs-release/org/aspectj/aspectjweaver/1.8.4/aspectjweaver-1.8.4.pom
2018-07-26 15:06:18,630 [Worker-9] INFO  o.e.m.c.i.e.AbstractTransferListenerAdapter - Downloaded https://artifactory.cathaypacific.com:443/artifactory/libs-release/com/alibaba/druid/1.0.9/druid-1.0.9.jar
2018-07-26 15:06:18,708 [Worker-0] INFO  o.e.m.c.i.e.AbstractTransferListenerAdapter - Downloading https://artifactory.cathaypacific.com:443/artifactory/libs-snapshot/org/aspectj/aspectjweaver/1.8.4/aspectjweaver-1.8.4.pom
2018-07-26 15:06:18,863 [Worker-0] INFO  o.e.m.c.i.e.AbstractTransferListenerAdapter - Downloaded https://artifactory.cathaypacific.com:443/artifactory/libs-snapshot/org/aspectj/aspectjweaver/1.8.4/aspectjweaver-1.8.4.pom
2018-07-26 15:06:20,755 [Worker-9] WARN  o.e.m.c.i.embedder.EclipseLogger - Using platform encoding (Cp1252 actually) to copy filtered resources, i.e. build is platform dependent!
2018-07-26 15:06:20,761 [Worker-9] INFO  o.e.m.c.i.embedder.EclipseLogger - skip non existing resourceDirectory C:\Workspace\gitPart\daydayup\mybatis\mybatis-basic\src\main\resources
2018-07-26 15:06:20,763 [Worker-9] WARN  o.e.m.c.i.embedder.EclipseLogger - Using platform encoding (Cp1252 actually) to copy filtered resources, i.e. build is platform dependent!
2018-07-26 15:06:20,767 [Worker-9] INFO  o.e.m.c.i.embedder.EclipseLogger - skip non existing resourceDirectory C:\Workspace\gitPart\daydayup\mybatis\mybatis-basic\src\test\resources
2018-07-26 15:06:20,969 [Worker-0] INFO  o.e.m.c.i.e.AbstractTransferListenerAdapter - Downloading https://artifactory.cathaypacific.com:443/artifactory/libs-release/jstl/jstl/1.2/jstl-1.2.pom
2018-07-26 15:06:21,125 [Worker-0] INFO  o.e.m.c.i.e.AbstractTransferListenerAdapter - Downloaded https://artifactory.cathaypacific.com:443/artifactory/libs-release/jstl/jstl/1.2/jstl-1.2.pom
2018-07-26 15:06:22,289 [Worker-0] INFO  o.e.m.c.i.e.AbstractTransferListenerAdapter - Downloading https://artifactory.cathaypacific.com:443/artifactory/libs-release/javax/servlet/jsp-api/2.0/jsp-api-2.0.pom
2018-07-26 15:06:22,461 [Worker-0] INFO  o.e.m.c.i.e.AbstractTransferListenerAdapter - Downloaded https://artifactory.cathaypacific.com:443/artifactory/libs-release/javax/servlet/jsp-api/2.0/jsp-api-2.0.pom
2018-07-26 15:06:24,573 [Worker-0] INFO  o.e.m.c.i.e.AbstractTransferListenerAdapter - Downloading https://artifactory.cathaypacific.com:443/artifactory/libs-release/com/fasterxml/jackson/core/jackson-databind/2.4.2/jackson-databind-2.4.2.jar
2018-07-26 15:06:27,113 [Worker-0] INFO  o.e.m.c.i.e.AbstractTransferListenerAdapter - Downloaded https://artifactory.cathaypacific.com:443/artifactory/libs-release/com/fasterxml/jackson/core/jackson-databind/2.4.2/jackson-databind-2.4.2.jar
2018-07-26 15:06:27,203 [Worker-0] INFO  o.e.m.c.i.e.AbstractTransferListenerAdapter - Downloading https://artifactory.cathaypacific.com:443/artifactory/libs-release/com/fasterxml/jackson/core/jackson-annotations/2.4.0/jackson-annotations-2.4.0.jar
2018-07-26 15:06:27,402 [Worker-0] INFO  o.e.m.c.i.e.AbstractTransferListenerAdapter - Downloaded https://artifactory.cathaypacific.com:443/artifactory/libs-release/com/fasterxml/jackson/core/jackson-annotations/2.4.0/jackson-annotations-2.4.0.jar
2018-07-26 15:06:27,498 [Worker-0] INFO  o.e.m.c.i.e.AbstractTransferListenerAdapter - Downloading https://artifactory.cathaypacific.com:443/artifactory/libs-release/com/fasterxml/jackson/core/jackson-core/2.4.2/jackson-core-2.4.2.jar
2018-07-26 15:06:28,145 [Worker-0] INFO  o.e.m.c.i.e.AbstractTransferListenerAdapter - Downloaded https://artifactory.cathaypacific.com:443/artifactory/libs-release/com/fasterxml/jackson/core/jackson-core/2.4.2/jackson-core-2.4.2.jar
2018-07-26 15:06:28,234 [Worker-0] INFO  o.e.m.c.i.e.AbstractTransferListenerAdapter - Downloading https://artifactory.cathaypacific.com:443/artifactory/libs-release/org/apache/httpcomponents/httpclient/4.3.5/httpclient-4.3.5.jar
2018-07-26 15:06:29,656 [Worker-0] INFO  o.e.m.c.i.e.AbstractTransferListenerAdapter - Downloaded https://artifactory.cathaypacific.com:443/artifactory/libs-release/org/apache/httpcomponents/httpclient/4.3.5/httpclient-4.3.5.jar
2018-07-26 15:06:29,746 [Worker-0] INFO  o.e.m.c.i.e.AbstractTransferListenerAdapter - Downloading https://artifactory.cathaypacific.com:443/artifactory/libs-release/org/springframework/spring-webmvc/4.1.3.RELEASE/spring-webmvc-4.1.3.RELEASE.jar
2018-07-26 15:06:31,642 [Worker-0] INFO  o.e.m.c.i.e.AbstractTransferListenerAdapter - Downloaded https://artifactory.cathaypacific.com:443/artifactory/libs-release/org/springframework/spring-webmvc/4.1.3.RELEASE/spring-webmvc-4.1.3.RELEASE.jar
2018-07-26 15:06:31,729 [Worker-0] INFO  o.e.m.c.i.e.AbstractTransferListenerAdapter - Downloading https://artifactory.cathaypacific.com:443/artifactory/libs-release/org/springframework/spring-web/4.1.3.RELEASE/spring-web-4.1.3.RELEASE.jar
2018-07-26 15:06:31,734 [Worker-6] INFO  o.e.m.c.i.l.LifecycleMappingFactory - Using org.maven.ide.eclipse.wtp.WarLifecycleMapping lifecycle mapping for MavenProject: com.itdragon.upload:pictrue-service:0.0.1-SNAPSHOT @ C:\Workspace\gitPart\daydayup\Nginx\pictrue-service\pom.xml.
2018-07-26 15:06:33,377 [Worker-0] INFO  o.e.m.c.i.e.AbstractTransferListenerAdapter - Downloaded https://artifactory.cathaypacific.com:443/artifactory/libs-release/org/springframework/spring-web/4.1.3.RELEASE/spring-web-4.1.3.RELEASE.jar
2018-07-26 15:06:33,470 [Worker-0] INFO  o.e.m.c.i.e.AbstractTransferListenerAdapter - Downloading https://artifactory.cathaypacific.com:443/artifactory/libs-release/org/springframework/spring-jdbc/4.1.3.RELEASE/spring-jdbc-4.1.3.RELEASE.jar
2018-07-26 15:06:34,255 [Worker-6] INFO  o.e.m.c.i.e.AbstractTransferListenerAdapter - Downloading https://artifactory.cathaypacific.com:443/artifactory/libs-release/joda-time/joda-time/2.5/joda-time-2.5.pom
2018-07-26 15:06:34,472 [Worker-6] INFO  o.e.m.c.i.e.AbstractTransferListenerAdapter - Downloaded https://artifactory.cathaypacific.com:443/artifactory/libs-release/joda-time/joda-time/2.5/joda-time-2.5.pom
2018-07-26 15:06:34,582 [Worker-0] INFO  o.e.m.c.i.e.AbstractTransferListenerAdapter - Downloaded https://artifactory.cathaypacific.com:443/artifactory/libs-release/org/springframework/spring-jdbc/4.1.3.RELEASE/spring-jdbc-4.1.3.RELEASE.jar
2018-07-26 15:06:34,675 [Worker-0] INFO  o.e.m.c.i.e.AbstractTransferListenerAdapter - Downloading https://artifactory.cathaypacific.com:443/artifactory/libs-release/org/springframework/spring-tx/4.1.3.RELEASE/spring-tx-4.1.3.RELEASE.jar
2018-07-26 15:06:35,357 [Worker-0] INFO  o.e.m.c.i.e.AbstractTransferListenerAdapter - Downloaded https://artifactory.cathaypacific.com:443/artifactory/libs-release/org/springframework/spring-tx/4.1.3.RELEASE/spring-tx-4.1.3.RELEASE.jar
2018-07-26 15:06:35,541 [Worker-0] INFO  o.e.m.c.i.e.AbstractTransferListenerAdapter - Downloading https://artifactory.cathaypacific.com:443/artifactory/libs-release/org/springframework/spring-aspects/4.1.3.RELEASE/spring-aspects-4.1.3.RELEASE.jar
2018-07-26 15:06:35,720 [Worker-0] INFO  o.e.m.c.i.e.AbstractTransferListenerAdapter - Downloaded https://artifactory.cathaypacific.com:443/artifactory/libs-release/org/springframework/spring-aspects/4.1.3.RELEASE/spring-aspects-4.1.3.RELEASE.jar
2018-07-26 15:06:35,821 [Worker-0] INFO  o.e.m.c.i.e.AbstractTransferListenerAdapter - Downloading https://artifactory.cathaypacific.com:443/artifactory/libs-release/org/aspectj/aspectjweaver/1.8.4/aspectjweaver-1.8.4.jar
2018-07-26 15:06:40,753 [Worker-0] INFO  o.e.m.c.i.e.AbstractTransferListenerAdapter - Downloaded https://artifactory.cathaypacific.com:443/artifactory/libs-release/org/aspectj/aspectjweaver/1.8.4/aspectjweaver-1.8.4.jar
2018-07-26 15:06:41,005 [Worker-0] INFO  o.e.m.c.i.e.AbstractTransferListenerAdapter - Downloading https://artifactory.cathaypacific.com:443/artifactory/libs-release/jstl/jstl/1.2/jstl-1.2.jar
2018-07-26 15:06:41,953 [Worker-0] INFO  o.e.m.c.i.e.AbstractTransferListenerAdapter - Downloaded https://artifactory.cathaypacific.com:443/artifactory/libs-release/jstl/jstl/1.2/jstl-1.2.jar
2018-07-26 15:06:42,053 [Worker-0] INFO  o.e.m.c.i.e.AbstractTransferListenerAdapter - Downloading https://artifactory.cathaypacific.com:443/artifactory/libs-release/javax/servlet/jsp-api/2.0/jsp-api-2.0.jar
2018-07-26 15:06:42,304 [Worker-0] INFO  o.e.m.c.i.e.AbstractTransferListenerAdapter - Downloaded https://artifactory.cathaypacific.com:443/artifactory/libs-release/javax/servlet/jsp-api/2.0/jsp-api-2.0.jar
2018-07-26 15:06:47,719 [Worker-6] INFO  o.e.m.c.i.e.AbstractTransferListenerAdapter - Downloading https://artifactory.cathaypacific.com:443/artifactory/libs-release/com/github/pagehelper/pagehelper/3.4.2/pagehelper-3.4.2.pom
2018-07-26 15:06:48,539 [Worker-6] INFO  o.e.m.c.i.e.AbstractTransferListenerAdapter - Downloaded https://artifactory.cathaypacific.com:443/artifactory/libs-release/com/github/pagehelper/pagehelper/3.4.2/pagehelper-3.4.2.pom
2018-07-26 15:06:52,587 [Worker-6] INFO  o.e.m.c.i.e.AbstractTransferListenerAdapter - Downloading https://artifactory.cathaypacific.com:443/artifactory/libs-release/commons-fileupload/commons-fileupload/1.3.1/commons-fileupload-1.3.1.pom
2018-07-26 15:06:52,784 [Worker-6] INFO  o.e.m.c.i.e.AbstractTransferListenerAdapter - Downloaded https://artifactory.cathaypacific.com:443/artifactory/libs-release/commons-fileupload/commons-fileupload/1.3.1/commons-fileupload-1.3.1.pom
2018-07-26 15:06:54,404 [Worker-6] INFO  o.e.m.c.i.e.AbstractTransferListenerAdapter - Downloading https://artifactory.cathaypacific.com:443/artifactory/libs-release/redis/clients/jedis/2.7.2/jedis-2.7.2.pom
2018-07-26 15:06:54,542 [Worker-6] INFO  o.e.m.c.i.e.AbstractTransferListenerAdapter - Downloaded https://artifactory.cathaypacific.com:443/artifactory/libs-release/redis/clients/jedis/2.7.2/jedis-2.7.2.pom
2018-07-26 15:06:56,063 [Worker-6] INFO  o.e.m.c.i.e.AbstractTransferListenerAdapter - Downloading https://artifactory.cathaypacific.com:443/artifactory/libs-release/org/apache/commons/commons-pool2/2.3/commons-pool2-2.3.pom
2018-07-26 15:06:56,724 [Worker-6] INFO  o.e.m.c.i.e.AbstractTransferListenerAdapter - Downloaded https://artifactory.cathaypacific.com:443/artifactory/libs-release/org/apache/commons/commons-pool2/2.3/commons-pool2-2.3.pom
2018-07-26 15:07:02,037 [Worker-6] INFO  o.e.m.c.i.e.AbstractTransferListenerAdapter - Downloading https://artifactory.cathaypacific.com:443/artifactory/libs-release/org/apache/solr/solr-solrj/4.10.3/solr-solrj-4.10.3.pom
2018-07-26 15:07:02,761 [Worker-6] INFO  o.e.m.c.i.e.AbstractTransferListenerAdapter - Downloaded https://artifactory.cathaypacific.com:443/artifactory/libs-release/org/apache/solr/solr-solrj/4.10.3/solr-solrj-4.10.3.pom
2018-07-26 15:07:04,990 [Worker-6] INFO  o.e.m.c.i.e.AbstractTransferListenerAdapter - Downloading https://artifactory.cathaypacific.com:443/artifactory/libs-release/org/apache/solr/solr-parent/4.10.3/solr-parent-4.10.3.pom
2018-07-26 15:07:05,182 [Worker-6] INFO  o.e.m.c.i.e.AbstractTransferListenerAdapter - Downloaded https://artifactory.cathaypacific.com:443/artifactory/libs-release/org/apache/solr/solr-parent/4.10.3/solr-parent-4.10.3.pom
2018-07-26 15:07:07,153 [Worker-6] INFO  o.e.m.c.i.e.AbstractTransferListenerAdapter - Downloading https://artifactory.cathaypacific.com:443/artifactory/libs-release/org/apache/lucene/lucene-solr-grandparent/4.10.3/lucene-solr-grandparent-4.10.3.pom
2018-07-26 15:07:08,686 [Worker-6] INFO  o.e.m.c.i.e.AbstractTransferListenerAdapter - Downloaded https://artifactory.cathaypacific.com:443/artifactory/libs-release/org/apache/lucene/lucene-solr-grandparent/4.10.3/lucene-solr-grandparent-4.10.3.pom
2018-07-26 15:07:10,468 [Worker-6] INFO  o.e.m.c.i.e.AbstractTransferListenerAdapter - Downloading https://artifactory.cathaypacific.com:443/artifactory/libs-release/commons-io/commons-io/2.3/commons-io-2.3.pom
2018-07-26 15:07:10,634 [Worker-6] INFO  o.e.m.c.i.e.AbstractTransferListenerAdapter - Downloaded https://artifactory.cathaypacific.com:443/artifactory/libs-release/commons-io/commons-io/2.3/commons-io-2.3.pom
2018-07-26 15:07:12,007 [Worker-6] INFO  o.e.m.c.i.e.AbstractTransferListenerAdapter - Downloading https://artifactory.cathaypacific.com:443/artifactory/libs-release/org/apache/zookeeper/zookeeper/3.4.6/zookeeper-3.4.6.pom
2018-07-26 15:07:12,188 [Worker-6] INFO  o.e.m.c.i.e.AbstractTransferListenerAdapter - Downloaded https://artifactory.cathaypacific.com:443/artifactory/libs-release/org/apache/zookeeper/zookeeper/3.4.6/zookeeper-3.4.6.pom
2018-07-26 15:07:15,845 [Worker-6] INFO  o.e.m.c.i.e.AbstractTransferListenerAdapter - Downloading https://artifactory.cathaypacific.com:443/artifactory/libs-release/org/codehaus/woodstox/wstx-asl/3.2.7/wstx-asl-3.2.7.pom
2018-07-26 15:07:16,324 [Worker-6] INFO  o.e.m.c.i.e.AbstractTransferListenerAdapter - Downloaded https://artifactory.cathaypacific.com:443/artifactory/libs-release/org/codehaus/woodstox/wstx-asl/3.2.7/wstx-asl-3.2.7.pom
2018-07-26 15:07:19,727 [Worker-6] INFO  o.e.m.c.i.e.AbstractTransferListenerAdapter - Downloading https://artifactory.cathaypacific.com:443/artifactory/libs-release/org/noggit/noggit/0.5/noggit-0.5.pom
2018-07-26 15:07:20,202 [Worker-6] INFO  o.e.m.c.i.e.AbstractTransferListenerAdapter - Downloaded https://artifactory.cathaypacific.com:443/artifactory/libs-release/org/noggit/noggit/0.5/noggit-0.5.pom
2018-07-26 15:07:22,914 [Worker-6] INFO  o.e.m.c.i.e.AbstractTransferListenerAdapter - Downloading https://artifactory.cathaypacific.com:443/artifactory/libs-release/org/slf4j/slf4j-api/1.7.6/slf4j-api-1.7.6.pom
2018-07-26 15:07:23,432 [Worker-6] INFO  o.e.m.c.i.e.AbstractTransferListenerAdapter - Downloaded https://artifactory.cathaypacific.com:443/artifactory/libs-release/org/slf4j/slf4j-api/1.7.6/slf4j-api-1.7.6.pom
2018-07-26 15:07:25,126 [Worker-6] INFO  o.e.m.c.i.e.AbstractTransferListenerAdapter - Downloading https://artifactory.cathaypacific.com:443/artifactory/libs-release/org/slf4j/slf4j-parent/1.7.6/slf4j-parent-1.7.6.pom
2018-07-26 15:07:25,274 [Worker-6] INFO  o.e.m.c.i.e.AbstractTransferListenerAdapter - Downloaded https://artifactory.cathaypacific.com:443/artifactory/libs-release/org/slf4j/slf4j-parent/1.7.6/slf4j-parent-1.7.6.pom
2018-07-26 15:07:27,231 [Worker-6] INFO  o.e.m.c.i.e.AbstractTransferListenerAdapter - Downloading https://artifactory.cathaypacific.com:443/artifactory/libs-release/joda-time/joda-time/2.5/joda-time-2.5.jar
2018-07-26 15:07:28,751 [Worker-6] INFO  o.e.m.c.i.e.AbstractTransferListenerAdapter - Downloaded https://artifactory.cathaypacific.com:443/artifactory/libs-release/joda-time/joda-time/2.5/joda-time-2.5.jar
2018-07-26 15:07:28,876 [Worker-6] INFO  o.e.m.c.i.e.AbstractTransferListenerAdapter - Downloading https://artifactory.cathaypacific.com:443/artifactory/libs-release/com/github/pagehelper/pagehelper/3.4.2/pagehelper-3.4.2.jar
2018-07-26 15:07:29,060 [Worker-6] INFO  o.e.m.c.i.e.AbstractTransferListenerAdapter - Downloaded https://artifactory.cathaypacific.com:443/artifactory/libs-release/com/github/pagehelper/pagehelper/3.4.2/pagehelper-3.4.2.jar
2018-07-26 15:07:29,149 [Worker-6] INFO  o.e.m.c.i.e.AbstractTransferListenerAdapter - Downloading https://artifactory.cathaypacific.com:443/artifactory/libs-release/commons-fileupload/commons-fileupload/1.3.1/commons-fileupload-1.3.1.jar
2018-07-26 15:07:29,416 [Worker-6] INFO  o.e.m.c.i.e.AbstractTransferListenerAdapter - Downloaded https://artifactory.cathaypacific.com:443/artifactory/libs-release/commons-fileupload/commons-fileupload/1.3.1/commons-fileupload-1.3.1.jar
2018-07-26 15:07:29,504 [Worker-6] INFO  o.e.m.c.i.e.AbstractTransferListenerAdapter - Downloading https://artifactory.cathaypacific.com:443/artifactory/libs-release/redis/clients/jedis/2.7.2/jedis-2.7.2.jar
2018-07-26 15:07:30,354 [Worker-6] INFO  o.e.m.c.i.e.AbstractTransferListenerAdapter - Downloaded https://artifactory.cathaypacific.com:443/artifactory/libs-release/redis/clients/jedis/2.7.2/jedis-2.7.2.jar
2018-07-26 15:07:30,443 [Worker-6] INFO  o.e.m.c.i.e.AbstractTransferListenerAdapter - Downloading https://artifactory.cathaypacific.com:443/artifactory/libs-release/org/apache/commons/commons-pool2/2.3/commons-pool2-2.3.jar
2018-07-26 15:07:30,817 [Worker-6] INFO  o.e.m.c.i.e.AbstractTransferListenerAdapter - Downloaded https://artifactory.cathaypacific.com:443/artifactory/libs-release/org/apache/commons/commons-pool2/2.3/commons-pool2-2.3.jar
2018-07-26 15:07:35,037 [Worker-6] INFO  o.e.m.c.i.e.AbstractTransferListenerAdapter - Downloading https://artifactory.cathaypacific.com:443/artifactory/libs-release/org/apache/solr/solr-solrj/4.10.3/solr-solrj-4.10.3.jar
2018-07-26 15:07:36,044 [Worker-6] INFO  o.e.m.c.i.e.AbstractTransferListenerAdapter - Downloaded https://artifactory.cathaypacific.com:443/artifactory/libs-release/org/apache/solr/solr-solrj/4.10.3/solr-solrj-4.10.3.jar
2018-07-26 15:07:36,136 [Worker-6] INFO  o.e.m.c.i.e.AbstractTransferListenerAdapter - Downloading https://artifactory.cathaypacific.com:443/artifactory/libs-release/org/apache/zookeeper/zookeeper/3.4.6/zookeeper-3.4.6.jar
2018-07-26 15:07:37,972 [Worker-6] INFO  o.e.m.c.i.e.AbstractTransferListenerAdapter - Downloaded https://artifactory.cathaypacific.com:443/artifactory/libs-release/org/apache/zookeeper/zookeeper/3.4.6/zookeeper-3.4.6.jar
2018-07-26 15:07:41,106 [Worker-6] INFO  o.e.m.c.i.e.AbstractTransferListenerAdapter - Downloading https://artifactory.cathaypacific.com:443/artifactory/libs-release/org/codehaus/woodstox/wstx-asl/3.2.7/wstx-asl-3.2.7.jar
2018-07-26 15:07:42,251 [Worker-6] INFO  o.e.m.c.i.e.AbstractTransferListenerAdapter - Downloaded https://artifactory.cathaypacific.com:443/artifactory/libs-release/org/codehaus/woodstox/wstx-asl/3.2.7/wstx-asl-3.2.7.jar
2018-07-26 15:07:42,355 [Worker-6] INFO  o.e.m.c.i.e.AbstractTransferListenerAdapter - Downloading https://artifactory.cathaypacific.com:443/artifactory/libs-release/org/noggit/noggit/0.5/noggit-0.5.jar
2018-07-26 15:07:42,522 [Worker-6] INFO  o.e.m.c.i.e.AbstractTransferListenerAdapter - Downloaded https://artifactory.cathaypacific.com:443/artifactory/libs-release/org/noggit/noggit/0.5/noggit-0.5.jar
2018-07-26 15:07:42,901 [Worker-6] WARN  o.e.m.c.i.embedder.EclipseLogger - Failed to dispatch repository event to org.eclipse.m2e.core.internal.embedder.EclipseRepositoryListener: null
2018-07-26 15:07:44,463 [Worker-6] INFO  o.e.m.c.i.l.LifecycleMappingFactory - Using org.eclipse.m2e.jdt.JarLifecycleMapping lifecycle mapping for MavenProject: com.itdragon.mybatis:mybatis-basic:0.0.1-SNAPSHOT @ C:\Workspace\gitPart\daydayup\mybatis\mybatis-basic\pom.xml.
2018-07-26 15:07:50,972 [Worker-3] INFO  o.e.m.c.i.l.LifecycleMappingFactory - Using org.maven.ide.eclipse.wtp.WarLifecycleMapping lifecycle mapping for MavenProject: com.itdragon.redis:ssm-redis:0.0.1-SNAPSHOT @ C:\Workspace\gitPart\daydayup\Redis\ssm-redis\pom.xml.
2018-07-26 15:07:50,983 [Worker-6] INFO  o.e.m.c.i.embedder.EclipseLogger - Using 'UTF-8' encoding to copy filtered resources.
2018-07-26 15:07:50,989 [Worker-6] INFO  o.e.m.c.i.embedder.EclipseLogger - Copying 8 resources
2018-07-26 15:07:51,079 [Worker-6] INFO  o.e.m.c.i.embedder.EclipseLogger - Using 'UTF-8' encoding to copy filtered resources.
2018-07-26 15:07:51,080 [Worker-6] INFO  o.e.m.c.i.embedder.EclipseLogger - skip non existing resourceDirectory C:\Workspace\gitPart\daydayup\Nginx\pictrue-service\src\test\resources
2018-07-26 15:07:52,559 [Worker-3] INFO  o.e.m.c.i.p.r.ProjectRegistryRefreshJob - org.eclipse.m2e.core.internal.project.registry.ProjectRegistryRefreshJob was canceled
